<?xml version="1.0" encoding="UTF-8"?>
<coverage generated="1647019370244" clover="3.2.0">
  <project timestamp="1647019370245" name="All files">
    <metrics statements="77" coveredstatements="4" conditionals="2" coveredconditionals="2" methods="36" coveredmethods="3" elements="115" coveredelements="9" complexity="0" loc="77" ncloc="77" packages="5" files="10" classes="10"/>
    <package name="components">
      <metrics statements="5" coveredstatements="0" conditionals="0" coveredconditionals="0" methods="3" coveredmethods="0"/>
      <file name="menu.vue" path="C:\Users\Ana Júlia Lins\Desktop\Estagio\code\frontend_landisgyr\nuxt-rick-and-morty\components\menu.vue">
        <metrics statements="5" coveredstatements="0" conditionals="0" coveredconditionals="0" methods="3" coveredmethods="0"/>
        <line num="39" count="0" type="stmt"/>
        <line num="46" count="0" type="stmt"/>
        <line num="47" count="0" type="stmt"/>
        <line num="54" count="0" type="stmt"/>
        <line num="60" count="0" type="stmt"/>
      </file>
    </package>
    <package name="components.charts-final">
      <metrics statements="19" coveredstatements="0" conditionals="0" coveredconditionals="0" methods="4" coveredmethods="0"/>
      <file name="live-chart-pie.vue" path="C:\Users\Ana Júlia Lins\Desktop\Estagio\code\frontend_landisgyr\nuxt-rick-and-morty\components\charts-final\live-chart-pie.vue">
        <metrics statements="10" coveredstatements="0" conditionals="0" coveredconditionals="0" methods="2" coveredmethods="0"/>
        <line num="14" count="0" type="stmt"/>
        <line num="23" count="0" type="stmt"/>
        <line num="39" count="0" type="stmt"/>
        <line num="41" count="0" type="stmt"/>
        <line num="42" count="0" type="stmt"/>
        <line num="44" count="0" type="stmt"/>
        <line num="50" count="0" type="stmt"/>
        <line num="59" count="0" type="stmt"/>
        <line num="69" count="0" type="stmt"/>
        <line num="71" count="0" type="stmt"/>
      </file>
      <file name="side-chart-pie.vue" path="C:\Users\Ana Júlia Lins\Desktop\Estagio\code\frontend_landisgyr\nuxt-rick-and-morty\components\charts-final\side-chart-pie.vue">
        <metrics statements="9" coveredstatements="0" conditionals="0" coveredconditionals="0" methods="2" coveredmethods="0"/>
        <line num="14" count="0" type="stmt"/>
        <line num="23" count="0" type="stmt"/>
        <line num="41" count="0" type="stmt"/>
        <line num="42" count="0" type="stmt"/>
        <line num="44" count="0" type="stmt"/>
        <line num="50" count="0" type="stmt"/>
        <line num="59" count="0" type="stmt"/>
        <line num="69" count="0" type="stmt"/>
        <line num="71" count="0" type="stmt"/>
      </file>
    </package>
    <package name="components.charts-shape">
      <metrics statements="2" coveredstatements="0" conditionals="0" coveredconditionals="0" methods="1" coveredmethods="0"/>
      <file name="chart-pie.vue" path="C:\Users\Ana Júlia Lins\Desktop\Estagio\code\frontend_landisgyr\nuxt-rick-and-morty\components\charts-shape\chart-pie.vue">
        <metrics statements="2" coveredstatements="0" conditionals="0" coveredconditionals="0" methods="1" coveredmethods="0"/>
        <line num="2" count="0" type="stmt"/>
        <line num="17" count="0" type="stmt"/>
      </file>
    </package>
    <package name="components.lists">
      <metrics statements="25" coveredstatements="0" conditionals="0" coveredconditionals="0" methods="11" coveredmethods="0"/>
      <file name="list-character-info.vue" path="C:\Users\Ana Júlia Lins\Desktop\Estagio\code\frontend_landisgyr\nuxt-rick-and-morty\components\lists\list-character-info.vue">
        <metrics statements="6" coveredstatements="0" conditionals="0" coveredconditionals="0" methods="3" coveredmethods="0"/>
        <line num="34" count="0" type="stmt"/>
        <line num="40" count="0" type="stmt"/>
        <line num="47" count="0" type="stmt"/>
        <line num="53" count="0" type="stmt"/>
        <line num="54" count="0" type="stmt"/>
        <line num="55" count="0" type="stmt"/>
      </file>
      <file name="list-episodes.vue" path="C:\Users\Ana Júlia Lins\Desktop\Estagio\code\frontend_landisgyr\nuxt-rick-and-morty\components\lists\list-episodes.vue">
        <metrics statements="19" coveredstatements="0" conditionals="0" coveredconditionals="0" methods="8" coveredmethods="0"/>
        <line num="32" count="0" type="stmt"/>
        <line num="38" count="0" type="stmt"/>
        <line num="46" count="0" type="stmt"/>
        <line num="53" count="0" type="stmt"/>
        <line num="60" count="0" type="stmt"/>
        <line num="61" count="0" type="stmt"/>
        <line num="62" count="0" type="stmt"/>
        <line num="72" count="0" type="stmt"/>
        <line num="76" count="0" type="stmt"/>
        <line num="78" count="0" type="stmt"/>
        <line num="80" count="0" type="stmt"/>
        <line num="84" count="0" type="stmt"/>
        <line num="90" count="0" type="stmt"/>
        <line num="92" count="0" type="stmt"/>
        <line num="96" count="0" type="stmt"/>
        <line num="98" count="0" type="stmt"/>
        <line num="100" count="0" type="stmt"/>
        <line num="109" count="0" type="stmt"/>
        <line num="114" count="0" type="stmt"/>
      </file>
    </package>
    <package name="pages">
      <metrics statements="26" coveredstatements="4" conditionals="2" coveredconditionals="2" methods="17" coveredmethods="3"/>
      <file name="characters.vue" path="C:\Users\Ana Júlia Lins\Desktop\Estagio\code\frontend_landisgyr\nuxt-rick-and-morty\pages\characters.vue">
        <metrics statements="6" coveredstatements="0" conditionals="0" coveredconditionals="0" methods="5" coveredmethods="0"/>
        <line num="28" count="0" type="stmt"/>
        <line num="34" count="0" type="stmt"/>
        <line num="39" count="0" type="stmt"/>
        <line num="47" count="0" type="stmt"/>
        <line num="56" count="0" type="stmt"/>
        <line num="62" count="0" type="stmt"/>
      </file>
      <file name="dashboard.vue" path="C:\Users\Ana Júlia Lins\Desktop\Estagio\code\frontend_landisgyr\nuxt-rick-and-morty\pages\dashboard.vue">
        <metrics statements="14" coveredstatements="0" conditionals="0" coveredconditionals="0" methods="9" coveredmethods="0"/>
        <line num="81" count="0" type="stmt"/>
        <line num="82" count="0" type="stmt"/>
        <line num="83" count="0" type="stmt"/>
        <line num="89" count="0" type="stmt"/>
        <line num="97" count="0" type="stmt"/>
        <line num="98" count="0" type="stmt"/>
        <line num="99" count="0" type="stmt"/>
        <line num="100" count="0" type="stmt"/>
        <line num="108" count="0" type="stmt"/>
        <line num="117" count="0" type="stmt"/>
        <line num="121" count="0" type="stmt"/>
        <line num="122" count="0" type="stmt"/>
        <line num="128" count="0" type="stmt"/>
        <line num="129" count="0" type="stmt"/>
      </file>
      <file name="login.vue" path="C:\Users\Ana Júlia Lins\Desktop\Estagio\code\frontend_landisgyr\nuxt-rick-and-morty\pages\login.vue">
        <metrics statements="4" coveredstatements="4" conditionals="2" coveredconditionals="2" methods="3" coveredmethods="3"/>
        <line num="40" count="1" type="stmt"/>
        <line num="45" count="5" type="stmt"/>
        <line num="54" count="9" type="cond" truecount="2" falsecount="0"/>
        <line num="63" count="1" type="stmt"/>
      </file>
      <file name="tree-view.vue" path="C:\Users\Ana Júlia Lins\Desktop\Estagio\code\frontend_landisgyr\nuxt-rick-and-morty\pages\tree-view.vue">
        <metrics statements="2" coveredstatements="0" conditionals="0" coveredconditionals="0" methods="0" coveredmethods="0"/>
        <line num="19" count="0" type="stmt"/>
        <line num="20" count="0" type="stmt"/>
      </file>
    </package>
  </project>
</coverage>
