<?xml version="1.0" encoding="UTF-8"?>
<coverage generated="1647447090747" clover="3.2.0">
  <project timestamp="1647447090747" name="All files">
    <metrics statements="63" coveredstatements="63" conditionals="2" coveredconditionals="2" methods="34" coveredmethods="34" elements="99" coveredelements="99" complexity="0" loc="63" ncloc="63" packages="5" files="10" classes="10"/>
    <package name="components">
      <metrics statements="5" coveredstatements="5" conditionals="0" coveredconditionals="0" methods="3" coveredmethods="3"/>
      <file name="menu.vue" path="C:\Users\Ana Júlia Lins\Desktop\Vue\rm-app\nuxt-rick-and-morty\components\menu.vue">
        <metrics statements="5" coveredstatements="5" conditionals="0" coveredconditionals="0" methods="3" coveredmethods="3"/>
        <line num="39" count="1" type="stmt"/>
        <line num="43" count="8" type="stmt"/>
        <line num="44" count="8" type="stmt"/>
        <line num="50" count="1" type="stmt"/>
        <line num="55" count="5" type="stmt"/>
      </file>
    </package>
    <package name="components.charts-final">
      <metrics statements="14" coveredstatements="14" conditionals="0" coveredconditionals="0" methods="4" coveredmethods="4"/>
      <file name="live-chart-pie.vue" path="C:\Users\Ana Júlia Lins\Desktop\Vue\rm-app\nuxt-rick-and-morty\components\charts-final\live-chart-pie.vue">
        <metrics statements="7" coveredstatements="7" conditionals="0" coveredconditionals="0" methods="2" coveredmethods="2"/>
        <line num="14" count="2" type="stmt"/>
        <line num="23" count="8" type="stmt"/>
        <line num="39" count="8" type="stmt"/>
        <line num="41" count="8" type="stmt"/>
        <line num="47" count="8" type="stmt"/>
        <line num="56" count="8" type="stmt"/>
        <line num="66" count="8" type="stmt"/>
      </file>
      <file name="side-chart-pie.vue" path="C:\Users\Ana Júlia Lins\Desktop\Vue\rm-app\nuxt-rick-and-morty\components\charts-final\side-chart-pie.vue">
        <metrics statements="7" coveredstatements="7" conditionals="0" coveredconditionals="0" methods="2" coveredmethods="2"/>
        <line num="14" count="2" type="stmt"/>
        <line num="23" count="2" type="stmt"/>
        <line num="39" count="2" type="stmt"/>
        <line num="41" count="2" type="stmt"/>
        <line num="47" count="2" type="stmt"/>
        <line num="56" count="2" type="stmt"/>
        <line num="66" count="2" type="stmt"/>
      </file>
    </package>
    <package name="components.charts-shape">
      <metrics statements="2" coveredstatements="2" conditionals="0" coveredconditionals="0" methods="1" coveredmethods="1"/>
      <file name="chart-pie.vue" path="C:\Users\Ana Júlia Lins\Desktop\Vue\rm-app\nuxt-rick-and-morty\components\charts-shape\chart-pie.vue">
        <metrics statements="2" coveredstatements="2" conditionals="0" coveredconditionals="0" methods="1" coveredmethods="1"/>
        <line num="2" count="3" type="stmt"/>
        <line num="17" count="10" type="stmt"/>
      </file>
    </package>
    <package name="components.lists">
      <metrics statements="16" coveredstatements="16" conditionals="0" coveredconditionals="0" methods="9" coveredmethods="9"/>
      <file name="list-character-info.vue" path="C:\Users\Ana Júlia Lins\Desktop\Vue\rm-app\nuxt-rick-and-morty\components\lists\list-character-info.vue">
        <metrics statements="6" coveredstatements="6" conditionals="0" coveredconditionals="0" methods="3" coveredmethods="3"/>
        <line num="34" count="2" type="stmt"/>
        <line num="40" count="3" type="stmt"/>
        <line num="47" count="4" type="stmt"/>
        <line num="53" count="1" type="stmt"/>
        <line num="54" count="1" type="stmt"/>
        <line num="55" count="1" type="stmt"/>
      </file>
      <file name="list-episodes.vue" path="C:\Users\Ana Júlia Lins\Desktop\Vue\rm-app\nuxt-rick-and-morty\components\lists\list-episodes.vue">
        <metrics statements="10" coveredstatements="10" conditionals="0" coveredconditionals="0" methods="6" coveredmethods="6"/>
        <line num="32" count="2" type="stmt"/>
        <line num="38" count="4" type="stmt"/>
        <line num="46" count="5" type="stmt"/>
        <line num="53" count="1" type="stmt"/>
        <line num="59" count="1" type="stmt"/>
        <line num="60" count="1" type="stmt"/>
        <line num="61" count="1" type="stmt"/>
        <line num="62" count="1" type="stmt"/>
        <line num="73" count="4" type="stmt"/>
        <line num="79" count="4" type="stmt"/>
      </file>
    </package>
    <package name="pages">
      <metrics statements="26" coveredstatements="26" conditionals="2" coveredconditionals="2" methods="17" coveredmethods="17"/>
      <file name="characters.vue" path="C:\Users\Ana Júlia Lins\Desktop\Vue\rm-app\nuxt-rick-and-morty\pages\characters.vue">
        <metrics statements="6" coveredstatements="6" conditionals="0" coveredconditionals="0" methods="5" coveredmethods="5"/>
        <line num="26" count="1" type="stmt"/>
        <line num="31" count="5" type="stmt"/>
        <line num="36" count="4" type="stmt"/>
        <line num="44" count="1" type="stmt"/>
        <line num="53" count="5" type="stmt"/>
        <line num="59" count="4" type="stmt"/>
      </file>
      <file name="dashboard.vue" path="C:\Users\Ana Júlia Lins\Desktop\Vue\rm-app\nuxt-rick-and-morty\pages\dashboard.vue">
        <metrics statements="14" coveredstatements="14" conditionals="0" coveredconditionals="0" methods="9" coveredmethods="9"/>
        <line num="79" count="1" type="stmt"/>
        <line num="80" count="1" type="stmt"/>
        <line num="81" count="1" type="stmt"/>
        <line num="87" count="3" type="stmt"/>
        <line num="95" count="4" type="stmt"/>
        <line num="96" count="3" type="stmt"/>
        <line num="97" count="3" type="stmt"/>
        <line num="98" count="3" type="stmt"/>
        <line num="106" count="1" type="stmt"/>
        <line num="116" count="3" type="stmt"/>
        <line num="120" count="3" type="stmt"/>
        <line num="121" count="3" type="stmt"/>
        <line num="127" count="3" type="stmt"/>
        <line num="128" count="3" type="stmt"/>
      </file>
      <file name="login.vue" path="C:\Users\Ana Júlia Lins\Desktop\Vue\rm-app\nuxt-rick-and-morty\pages\login.vue">
        <metrics statements="4" coveredstatements="4" conditionals="2" coveredconditionals="2" methods="3" coveredmethods="3"/>
        <line num="40" count="1" type="stmt"/>
        <line num="45" count="5" type="stmt"/>
        <line num="54" count="9" type="cond" truecount="2" falsecount="0"/>
        <line num="63" count="1" type="stmt"/>
      </file>
      <file name="tree-view.vue" path="C:\Users\Ana Júlia Lins\Desktop\Vue\rm-app\nuxt-rick-and-morty\pages\tree-view.vue">
        <metrics statements="2" coveredstatements="2" conditionals="0" coveredconditionals="0" methods="0" coveredmethods="0"/>
        <line num="19" count="1" type="stmt"/>
        <line num="20" count="1" type="stmt"/>
      </file>
    </package>
  </project>
</coverage>
