{"C:\\Users\\Ana Júlia Lins\\Desktop\\Vue\\rm-app\\nuxt-rick-and-morty\\components\\menu.vue": {"path":"C:\\Users\\Ana Júlia Lins\\Desktop\\Vue\\rm-app\\nuxt-rick-and-morty\\components\\menu.vue","statementMap":{"0":{"start":{"line":39,"column":0},"end":{"line":39,"column":null}},"1":{"start":{"line":43,"column":0},"end":{"line":43,"column":null}},"2":{"start":{"line":44,"column":0},"end":{"line":44,"column":null}},"3":{"start":{"line":50,"column":0},"end":{"line":50,"column":null}},"4":{"start":{"line":55,"column":0},"end":{"line":55,"column":null}}},"fnMap":{"0":{"name":"(anonymous_1)","decl":{"start":{"line":42,"column":0},"end":{"line":42,"column":null}},"loc":{"start":{"line":42,"column":0},"end":{"line":45,"column":null}}},"1":{"name":"(anonymous_2)","decl":{"start":{"line":49,"column":0},"end":{"line":49,"column":null}},"loc":{"start":{"line":49,"column":0},"end":{"line":52,"column":null}}},"2":{"name":"(anonymous_3)","decl":{"start":{"line":54,"column":0},"end":{"line":54,"column":null}},"loc":{"start":{"line":54,"column":0},"end":{"line":62,"column":null}}}},"branchMap":{},"s":{"0":1,"1":8,"2":8,"3":1,"4":5},"f":{"0":8,"1":1,"2":5},"b":{}}
,"C:\\Users\\Ana Júlia Lins\\Desktop\\Vue\\rm-app\\nuxt-rick-and-morty\\components\\charts-final\\live-chart-pie.vue": {"path":"C:\\Users\\Ana Júlia Lins\\Desktop\\Vue\\rm-app\\nuxt-rick-and-morty\\components\\charts-final\\live-chart-pie.vue","statementMap":{"0":{"start":{"line":14,"column":0},"end":{"line":14,"column":null}},"1":{"start":{"line":23,"column":0},"end":{"line":23,"column":null}},"2":{"start":{"line":39,"column":0},"end":{"line":39,"column":null}},"3":{"start":{"line":41,"column":0},"end":{"line":41,"column":null}},"4":{"start":{"line":47,"column":0},"end":{"line":47,"column":null}},"5":{"start":{"line":56,"column":0},"end":{"line":56,"column":null}},"6":{"start":{"line":66,"column":0},"end":{"line":66,"column":null}}},"fnMap":{"0":{"name":"(anonymous_2)","decl":{"start":{"line":22,"column":0},"end":{"line":22,"column":null}},"loc":{"start":{"line":22,"column":0},"end":{"line":35,"column":null}}},"1":{"name":"(anonymous_3)","decl":{"start":{"line":37,"column":0},"end":{"line":37,"column":null}},"loc":{"start":{"line":37,"column":0},"end":{"line":67,"column":null}}}},"branchMap":{},"s":{"0":2,"1":8,"2":8,"3":8,"4":8,"5":8,"6":8},"f":{"0":8,"1":8},"b":{}}
,"C:\\Users\\Ana Júlia Lins\\Desktop\\Vue\\rm-app\\nuxt-rick-and-morty\\components\\charts-final\\side-chart-pie.vue": {"path":"C:\\Users\\Ana Júlia Lins\\Desktop\\Vue\\rm-app\\nuxt-rick-and-morty\\components\\charts-final\\side-chart-pie.vue","statementMap":{"0":{"start":{"line":14,"column":0},"end":{"line":14,"column":null}},"1":{"start":{"line":23,"column":0},"end":{"line":23,"column":null}},"2":{"start":{"line":39,"column":0},"end":{"line":39,"column":null}},"3":{"start":{"line":41,"column":0},"end":{"line":41,"column":null}},"4":{"start":{"line":47,"column":0},"end":{"line":47,"column":null}},"5":{"start":{"line":56,"column":0},"end":{"line":56,"column":null}},"6":{"start":{"line":66,"column":0},"end":{"line":66,"column":null}}},"fnMap":{"0":{"name":"(anonymous_2)","decl":{"start":{"line":22,"column":0},"end":{"line":22,"column":null}},"loc":{"start":{"line":22,"column":0},"end":{"line":35,"column":null}}},"1":{"name":"(anonymous_3)","decl":{"start":{"line":37,"column":0},"end":{"line":37,"column":null}},"loc":{"start":{"line":37,"column":0},"end":{"line":68,"column":null}}}},"branchMap":{},"s":{"0":2,"1":2,"2":2,"3":2,"4":2,"5":2,"6":2},"f":{"0":2,"1":2},"b":{}}
,"C:\\Users\\Ana Júlia Lins\\Desktop\\Vue\\rm-app\\nuxt-rick-and-morty\\components\\charts-shape\\chart-pie.vue": {"path":"C:\\Users\\Ana Júlia Lins\\Desktop\\Vue\\rm-app\\nuxt-rick-and-morty\\components\\charts-shape\\chart-pie.vue","statementMap":{"0":{"start":{"line":2,"column":0},"end":{"line":2,"column":null}},"1":{"start":{"line":17,"column":0},"end":{"line":17,"column":null}}},"fnMap":{"0":{"name":"(anonymous_1)","decl":{"start":{"line":16,"column":0},"end":{"line":16,"column":null}},"loc":{"start":{"line":16,"column":0},"end":{"line":18,"column":null}}}},"branchMap":{},"s":{"0":3,"1":10},"f":{"0":10},"b":{}}
,"C:\\Users\\Ana Júlia Lins\\Desktop\\Vue\\rm-app\\nuxt-rick-and-morty\\components\\lists\\list-character-info.vue": {"path":"C:\\Users\\Ana Júlia Lins\\Desktop\\Vue\\rm-app\\nuxt-rick-and-morty\\components\\lists\\list-character-info.vue","statementMap":{"0":{"start":{"line":34,"column":0},"end":{"line":34,"column":null}},"1":{"start":{"line":40,"column":0},"end":{"line":40,"column":null}},"2":{"start":{"line":47,"column":0},"end":{"line":47,"column":null}},"3":{"start":{"line":53,"column":0},"end":{"line":53,"column":null}},"4":{"start":{"line":54,"column":0},"end":{"line":54,"column":null}},"5":{"start":{"line":55,"column":0},"end":{"line":55,"column":null}}},"fnMap":{"0":{"name":"(anonymous_1)","decl":{"start":{"line":39,"column":0},"end":{"line":39,"column":null}},"loc":{"start":{"line":39,"column":0},"end":{"line":43,"column":null}}},"1":{"name":"(anonymous_2)","decl":{"start":{"line":47,"column":0},"end":{"line":47,"column":null}},"loc":{"start":{"line":47,"column":0},"end":{"line":47,"column":null}}},"2":{"name":"(anonymous_3)","decl":{"start":{"line":52,"column":0},"end":{"line":52,"column":null}},"loc":{"start":{"line":52,"column":0},"end":{"line":56,"column":null}}}},"branchMap":{},"s":{"0":2,"1":3,"2":4,"3":1,"4":1,"5":1},"f":{"0":3,"1":4,"2":1},"b":{}}
,"C:\\Users\\Ana Júlia Lins\\Desktop\\Vue\\rm-app\\nuxt-rick-and-morty\\components\\lists\\list-episodes.vue": {"path":"C:\\Users\\Ana Júlia Lins\\Desktop\\Vue\\rm-app\\nuxt-rick-and-morty\\components\\lists\\list-episodes.vue","statementMap":{"0":{"start":{"line":32,"column":0},"end":{"line":32,"column":null}},"1":{"start":{"line":38,"column":0},"end":{"line":38,"column":null}},"2":{"start":{"line":46,"column":0},"end":{"line":46,"column":null}},"3":{"start":{"line":53,"column":0},"end":{"line":53,"column":null}},"4":{"start":{"line":59,"column":0},"end":{"line":59,"column":null}},"5":{"start":{"line":60,"column":0},"end":{"line":60,"column":null}},"6":{"start":{"line":61,"column":0},"end":{"line":61,"column":null}},"7":{"start":{"line":62,"column":0},"end":{"line":62,"column":null}},"8":{"start":{"line":73,"column":0},"end":{"line":73,"column":null}},"9":{"start":{"line":79,"column":0},"end":{"line":79,"column":null}}},"fnMap":{"0":{"name":"(anonymous_1)","decl":{"start":{"line":37,"column":0},"end":{"line":37,"column":null}},"loc":{"start":{"line":37,"column":0},"end":{"line":42,"column":null}}},"1":{"name":"(anonymous_2)","decl":{"start":{"line":46,"column":0},"end":{"line":46,"column":null}},"loc":{"start":{"line":46,"column":0},"end":{"line":46,"column":null}}},"2":{"name":"(anonymous_3)","decl":{"start":{"line":52,"column":0},"end":{"line":52,"column":null}},"loc":{"start":{"line":52,"column":0},"end":{"line":54,"column":null}}},"3":{"name":"(anonymous_4)","decl":{"start":{"line":58,"column":0},"end":{"line":58,"column":null}},"loc":{"start":{"line":58,"column":0},"end":{"line":63,"column":null}}},"4":{"name":"(anonymous_5)","decl":{"start":{"line":72,"column":0},"end":{"line":72,"column":null}},"loc":{"start":{"line":72,"column":0},"end":{"line":74,"column":null}}},"5":{"name":"(anonymous_6)","decl":{"start":{"line":78,"column":0},"end":{"line":78,"column":null}},"loc":{"start":{"line":78,"column":0},"end":{"line":80,"column":null}}}},"branchMap":{},"s":{"0":2,"1":4,"2":5,"3":1,"4":1,"5":1,"6":1,"7":1,"8":4,"9":4},"f":{"0":4,"1":5,"2":1,"3":1,"4":4,"5":4},"b":{}}
,"C:\\Users\\Ana Júlia Lins\\Desktop\\Vue\\rm-app\\nuxt-rick-and-morty\\pages\\characters.vue": {"path":"C:\\Users\\Ana Júlia Lins\\Desktop\\Vue\\rm-app\\nuxt-rick-and-morty\\pages\\characters.vue","statementMap":{"0":{"start":{"line":26,"column":0},"end":{"line":26,"column":null}},"1":{"start":{"line":31,"column":0},"end":{"line":31,"column":null}},"2":{"start":{"line":36,"column":0},"end":{"line":36,"column":null}},"3":{"start":{"line":44,"column":0},"end":{"line":44,"column":null}},"4":{"start":{"line":53,"column":0},"end":{"line":53,"column":null}},"5":{"start":{"line":59,"column":0},"end":{"line":59,"column":null}}},"fnMap":{"0":{"name":"(anonymous_1)","decl":{"start":{"line":31,"column":0},"end":{"line":31,"column":null}},"loc":{"start":{"line":31,"column":0},"end":{"line":31,"column":null}}},"1":{"name":"(anonymous_2)","decl":{"start":{"line":35,"column":0},"end":{"line":35,"column":null}},"loc":{"start":{"line":35,"column":0},"end":{"line":39,"column":null}}},"2":{"name":"(anonymous_3)","decl":{"start":{"line":43,"column":0},"end":{"line":43,"column":null}},"loc":{"start":{"line":43,"column":0},"end":{"line":45,"column":null}}},"3":{"name":"(anonymous_4)","decl":{"start":{"line":52,"column":0},"end":{"line":52,"column":null}},"loc":{"start":{"line":52,"column":0},"end":{"line":54,"column":null}}},"4":{"name":"(anonymous_5)","decl":{"start":{"line":58,"column":0},"end":{"line":58,"column":null}},"loc":{"start":{"line":58,"column":0},"end":{"line":60,"column":null}}}},"branchMap":{},"s":{"0":1,"1":5,"2":4,"3":1,"4":5,"5":4},"f":{"0":5,"1":4,"2":1,"3":5,"4":4},"b":{}}
,"C:\\Users\\Ana Júlia Lins\\Desktop\\Vue\\rm-app\\nuxt-rick-and-morty\\pages\\dashboard.vue": {"path":"C:\\Users\\Ana Júlia Lins\\Desktop\\Vue\\rm-app\\nuxt-rick-and-morty\\pages\\dashboard.vue","statementMap":{"0":{"start":{"line":79,"column":0},"end":{"line":79,"column":null}},"1":{"start":{"line":80,"column":0},"end":{"line":80,"column":null}},"2":{"start":{"line":81,"column":0},"end":{"line":81,"column":null}},"3":{"start":{"line":87,"column":0},"end":{"line":87,"column":null}},"4":{"start":{"line":95,"column":0},"end":{"line":95,"column":null}},"5":{"start":{"line":96,"column":0},"end":{"line":96,"column":null}},"6":{"start":{"line":97,"column":0},"end":{"line":97,"column":null}},"7":{"start":{"line":98,"column":0},"end":{"line":98,"column":null}},"8":{"start":{"line":106,"column":0},"end":{"line":106,"column":null}},"9":{"start":{"line":116,"column":0},"end":{"line":116,"column":null}},"10":{"start":{"line":120,"column":0},"end":{"line":120,"column":null}},"11":{"start":{"line":121,"column":0},"end":{"line":121,"column":null}},"12":{"start":{"line":127,"column":0},"end":{"line":127,"column":null}},"13":{"start":{"line":128,"column":0},"end":{"line":128,"column":null}}},"fnMap":{"0":{"name":"(anonymous_2)","decl":{"start":{"line":86,"column":0},"end":{"line":86,"column":null}},"loc":{"start":{"line":86,"column":0},"end":{"line":90,"column":null}}},"1":{"name":"(anonymous_3)","decl":{"start":{"line":95,"column":0},"end":{"line":95,"column":null}},"loc":{"start":{"line":95,"column":0},"end":{"line":95,"column":null}}},"2":{"name":"(anonymous_4)","decl":{"start":{"line":96,"column":0},"end":{"line":96,"column":null}},"loc":{"start":{"line":96,"column":0},"end":{"line":96,"column":null}}},"3":{"name":"(anonymous_5)","decl":{"start":{"line":97,"column":0},"end":{"line":97,"column":null}},"loc":{"start":{"line":97,"column":0},"end":{"line":97,"column":null}}},"4":{"name":"(anonymous_6)","decl":{"start":{"line":98,"column":0},"end":{"line":98,"column":null}},"loc":{"start":{"line":98,"column":0},"end":{"line":98,"column":null}}},"5":{"name":"(anonymous_7)","decl":{"start":{"line":105,"column":0},"end":{"line":105,"column":null}},"loc":{"start":{"line":105,"column":0},"end":{"line":107,"column":null}}},"6":{"name":"(anonymous_8)","decl":{"start":{"line":115,"column":0},"end":{"line":115,"column":null}},"loc":{"start":{"line":115,"column":0},"end":{"line":117,"column":null}}},"7":{"name":"(anonymous_9)","decl":{"start":{"line":119,"column":0},"end":{"line":119,"column":null}},"loc":{"start":{"line":119,"column":0},"end":{"line":122,"column":null}}},"8":{"name":"(anonymous_10)","decl":{"start":{"line":126,"column":0},"end":{"line":126,"column":null}},"loc":{"start":{"line":126,"column":0},"end":{"line":129,"column":null}}}},"branchMap":{},"s":{"0":1,"1":1,"2":1,"3":3,"4":4,"5":3,"6":3,"7":3,"8":1,"9":3,"10":3,"11":3,"12":3,"13":3},"f":{"0":3,"1":4,"2":3,"3":3,"4":3,"5":1,"6":3,"7":3,"8":3},"b":{}}
,"C:\\Users\\Ana Júlia Lins\\Desktop\\Vue\\rm-app\\nuxt-rick-and-morty\\pages\\login.vue": {"path":"C:\\Users\\Ana Júlia Lins\\Desktop\\Vue\\rm-app\\nuxt-rick-and-morty\\pages\\login.vue","statementMap":{"0":{"start":{"line":40,"column":0},"end":{"line":40,"column":null}},"1":{"start":{"line":45,"column":0},"end":{"line":45,"column":null}},"2":{"start":{"line":54,"column":0},"end":{"line":54,"column":null}},"3":{"start":{"line":63,"column":0},"end":{"line":63,"column":null}}},"fnMap":{"0":{"name":"(anonymous_1)","decl":{"start":{"line":44,"column":0},"end":{"line":44,"column":null}},"loc":{"start":{"line":44,"column":0},"end":{"line":50,"column":null}}},"1":{"name":"(anonymous_2)","decl":{"start":{"line":53,"column":0},"end":{"line":53,"column":null}},"loc":{"start":{"line":53,"column":0},"end":{"line":57,"column":null}}},"2":{"name":"(anonymous_3)","decl":{"start":{"line":62,"column":0},"end":{"line":62,"column":null}},"loc":{"start":{"line":62,"column":0},"end":{"line":69,"column":null}}}},"branchMap":{"0":{"loc":{"start":{"line":54,"column":0},"end":{"line":54,"column":null}},"type":"cond-expr","locations":[{"start":{"line":54,"column":0},"end":{"line":54,"column":null}},{"start":{"line":54,"column":0},"end":{"line":54,"column":null}}]}},"s":{"0":1,"1":5,"2":9,"3":1},"f":{"0":5,"1":9,"2":1},"b":{"0":[16,6]}}
,"C:\\Users\\Ana Júlia Lins\\Desktop\\Vue\\rm-app\\nuxt-rick-and-morty\\pages\\tree-view.vue": {"path":"C:\\Users\\Ana Júlia Lins\\Desktop\\Vue\\rm-app\\nuxt-rick-and-morty\\pages\\tree-view.vue","statementMap":{"0":{"start":{"line":19,"column":0},"end":{"line":19,"column":null}},"1":{"start":{"line":20,"column":0},"end":{"line":20,"column":null}}},"fnMap":{},"branchMap":{},"s":{"0":1,"1":1},"f":{},"b":{}}
}
