TN:
SF:components\menu.vue
FN:42,(anonymous_1)
FN:49,(anonymous_2)
FN:53,(anonymous_3)
FNF:3
FNH:3
FNDA:5,(anonymous_1)
FNDA:1,(anonymous_2)
FNDA:3,(anonymous_3)
DA:39,1
DA:43,5
DA:44,5
DA:50,1
DA:54,3
LF:5
LH:5
BRF:0
BRH:0
end_of_record
TN:
SF:components\charts-final\live-chart-pie.vue
FN:22,(anonymous_2)
FN:37,(anonymous_3)
FNF:2
FNH:2
FNDA:8,(anonymous_2)
FNDA:8,(anonymous_3)
DA:14,2
DA:23,8
DA:39,8
DA:40,8
DA:42,8
DA:48,7
DA:57,7
DA:67,7
DA:69,1
LF:9
LH:9
BRF:0
BRH:0
end_of_record
TN:
SF:components\charts-final\side-chart-pie.vue
FN:22,(anonymous_2)
FN:37,(anonymous_3)
FNF:2
FNH:2
FNDA:2,(anonymous_2)
FNDA:2,(anonymous_3)
DA:14,2
DA:23,2
DA:41,2
DA:42,2
DA:44,2
DA:50,1
DA:59,1
DA:69,1
DA:71,1
LF:9
LH:9
BRF:0
BRH:0
end_of_record
TN:
SF:components\charts-shape\chart-pie.vue
FN:16,(anonymous_1)
FNF:1
FNH:1
FNDA:8,(anonymous_1)
DA:2,3
DA:17,8
LF:2
LH:2
BRF:0
BRH:0
end_of_record
TN:
SF:components\lists\list-character-info.vue
FN:39,(anonymous_1)
FN:47,(anonymous_2)
FN:52,(anonymous_3)
FNF:3
FNH:3
FNDA:3,(anonymous_1)
FNDA:4,(anonymous_2)
FNDA:1,(anonymous_3)
DA:34,2
DA:40,3
DA:47,4
DA:53,1
DA:54,1
DA:55,1
LF:6
LH:6
BRF:0
BRH:0
end_of_record
TN:
SF:components\lists\list-episodes.vue
FN:37,(anonymous_1)
FN:46,(anonymous_2)
FN:52,(anonymous_3)
FN:58,(anonymous_4)
FN:72,(anonymous_5)
FN:78,(anonymous_6)
FNF:6
FNH:6
FNDA:4,(anonymous_1)
FNDA:5,(anonymous_2)
FNDA:1,(anonymous_3)
FNDA:1,(anonymous_4)
FNDA:4,(anonymous_5)
FNDA:4,(anonymous_6)
DA:32,2
DA:38,4
DA:46,5
DA:53,1
DA:59,1
DA:60,1
DA:61,1
DA:62,1
DA:73,4
DA:79,4
LF:10
LH:10
BRF:0
BRH:0
end_of_record
TN:
SF:pages\characters.vue
FN:31,(anonymous_1)
FN:35,(anonymous_2)
FN:43,(anonymous_3)
FN:52,(anonymous_4)
FN:58,(anonymous_5)
FNF:5
FNH:5
FNDA:5,(anonymous_1)
FNDA:4,(anonymous_2)
FNDA:1,(anonymous_3)
FNDA:5,(anonymous_4)
FNDA:4,(anonymous_5)
DA:26,1
DA:31,5
DA:36,4
DA:44,1
DA:53,5
DA:59,4
LF:6
LH:6
BRF:0
BRH:0
end_of_record
TN:
SF:pages\dashboard.vue
FN:86,(anonymous_2)
FN:95,(anonymous_3)
FN:96,(anonymous_4)
FN:97,(anonymous_5)
FN:98,(anonymous_6)
FN:105,(anonymous_7)
FN:115,(anonymous_8)
FN:119,(anonymous_9)
FN:126,(anonymous_10)
FNF:9
FNH:9
FNDA:3,(anonymous_2)
FNDA:4,(anonymous_3)
FNDA:3,(anonymous_4)
FNDA:3,(anonymous_5)
FNDA:3,(anonymous_6)
FNDA:1,(anonymous_7)
FNDA:3,(anonymous_8)
FNDA:3,(anonymous_9)
FNDA:3,(anonymous_10)
DA:79,1
DA:80,1
DA:81,1
DA:87,3
DA:95,4
DA:96,3
DA:97,3
DA:98,3
DA:106,1
DA:116,3
DA:120,3
DA:121,3
DA:127,3
DA:128,3
LF:14
LH:14
BRF:0
BRH:0
end_of_record
TN:
SF:pages\login.vue
FN:44,(anonymous_1)
FN:53,(anonymous_2)
FN:62,(anonymous_3)
FNF:3
FNH:3
FNDA:5,(anonymous_1)
FNDA:9,(anonymous_2)
FNDA:1,(anonymous_3)
DA:40,1
DA:45,5
DA:54,9
DA:63,1
LF:4
LH:4
BRDA:54,0,0,16
BRDA:54,0,1,6
BRF:2
BRH:2
end_of_record
TN:
SF:pages\tree-view.vue
FNF:0
FNH:0
DA:19,1
DA:20,1
LF:2
LH:2
BRF:0
BRH:0
end_of_record
