TN:
SF:components\menu.vue
FN:45,(anonymous_1)
FN:53,(anonymous_2)
FN:60,(anonymous_3)
FNF:3
FNH:0
FNDA:0,(anonymous_1)
FNDA:0,(anonymous_2)
FNDA:0,(anonymous_3)
DA:39,0
DA:46,0
DA:47,0
DA:54,0
DA:55,0
DA:61,0
LF:6
LH:0
BRF:0
BRH:0
end_of_record
TN:
SF:components\charts-final\live-chart-pie.vue
FN:22,(anonymous_2)
FN:37,(anonymous_3)
FNF:2
FNH:0
FNDA:0,(anonymous_2)
FNDA:0,(anonymous_3)
DA:14,0
DA:23,0
DA:39,0
DA:40,0
DA:42,0
DA:48,0
DA:57,0
DA:67,0
DA:69,0
LF:9
LH:0
BRF:0
BRH:0
end_of_record
TN:
SF:components\charts-final\side-chart-pie.vue
FN:22,(anonymous_2)
FN:37,(anonymous_3)
FNF:2
FNH:0
FNDA:0,(anonymous_2)
FNDA:0,(anonymous_3)
DA:14,0
DA:23,0
DA:41,0
DA:42,0
DA:44,0
DA:50,0
DA:59,0
DA:69,0
DA:71,0
LF:9
LH:0
BRF:0
BRH:0
end_of_record
TN:
SF:components\charts-shape\chart-pie.vue
FN:16,(anonymous_1)
FNF:1
FNH:0
FNDA:0,(anonymous_1)
DA:2,0
DA:17,0
LF:2
LH:0
BRF:0
BRH:0
end_of_record
TN:
SF:components\lists\list-character-info.vue
FN:39,(anonymous_1)
FN:47,(anonymous_2)
FN:52,(anonymous_3)
FNF:3
FNH:0
FNDA:0,(anonymous_1)
FNDA:0,(anonymous_2)
FNDA:0,(anonymous_3)
DA:34,0
DA:40,0
DA:47,0
DA:53,0
DA:54,0
DA:55,0
LF:6
LH:0
BRF:0
BRH:0
end_of_record
TN:
SF:components\lists\list-episodes.vue
FN:37,(anonymous_1)
FN:46,(anonymous_2)
FN:52,(anonymous_3)
FN:59,(anonymous_4)
FN:72,(anonymous_5)
FN:78,(anonymous_6)
FNF:6
FNH:0
FNDA:0,(anonymous_1)
FNDA:0,(anonymous_2)
FNDA:0,(anonymous_3)
FNDA:0,(anonymous_4)
FNDA:0,(anonymous_5)
FNDA:0,(anonymous_6)
DA:32,0
DA:38,0
DA:46,0
DA:53,0
DA:54,0
DA:60,0
DA:61,0
DA:62,0
DA:73,0
DA:79,0
LF:10
LH:0
BRF:0
BRH:0
end_of_record
TN:
SF:pages\characters.vue
FN:31,(anonymous_1)
FN:35,(anonymous_2)
FN:43,(anonymous_3)
FN:52,(anonymous_4)
FN:58,(anonymous_5)
FNF:5
FNH:5
FNDA:5,(anonymous_1)
FNDA:4,(anonymous_2)
FNDA:1,(anonymous_3)
FNDA:5,(anonymous_4)
FNDA:4,(anonymous_5)
DA:26,1
DA:31,5
DA:36,4
DA:44,1
DA:53,5
DA:59,4
LF:6
LH:6
BRF:0
BRH:0
end_of_record
TN:
SF:pages\dashboard.vue
FN:86,(anonymous_2)
FN:95,(anonymous_3)
FN:96,(anonymous_4)
FN:97,(anonymous_5)
FN:98,(anonymous_6)
FN:105,(anonymous_7)
FN:115,(anonymous_8)
FN:119,(anonymous_9)
FN:126,(anonymous_10)
FNF:9
FNH:0
FNDA:0,(anonymous_2)
FNDA:0,(anonymous_3)
FNDA:0,(anonymous_4)
FNDA:0,(anonymous_5)
FNDA:0,(anonymous_6)
FNDA:0,(anonymous_7)
FNDA:0,(anonymous_8)
FNDA:0,(anonymous_9)
FNDA:0,(anonymous_10)
DA:79,0
DA:80,0
DA:81,0
DA:87,0
DA:95,0
DA:96,0
DA:97,0
DA:98,0
DA:106,0
DA:116,0
DA:120,0
DA:121,0
DA:127,0
DA:128,0
LF:14
LH:0
BRF:0
BRH:0
end_of_record
TN:
SF:pages\login.vue
FN:44,(anonymous_1)
FN:53,(anonymous_2)
FN:62,(anonymous_3)
FNF:3
FNH:3
FNDA:5,(anonymous_1)
FNDA:9,(anonymous_2)
FNDA:1,(anonymous_3)
DA:40,1
DA:45,5
DA:54,9
DA:63,1
LF:4
LH:4
BRDA:54,0,0,16
BRDA:54,0,1,6
BRF:2
BRH:2
end_of_record
TN:
SF:pages\tree-view.vue
FNF:0
FNH:0
DA:19,0
DA:20,0
LF:2
LH:0
BRF:0
BRH:0
end_of_record
